gcc -Wall -pedantic -std=c11 -ggdb -I ../libcs50 -I ../common -DAPPTEST crawler.c ../libcs50/libcs50-given.a ../common/common.a -o crawler
bash -v valgrind.sh
#!/bin/bash
#
# valgrind.sh
# 
# bash script to run valgrind tests on the crawler
# usage:
#   ./testing.sh
# output:
#   stdout
#
# Amittai Wekesa, April 2021


# for memory-leak tests
VALGRIND=(valgrind --leak-check=full --show-leak-kinds=all)

printf "\n\n\n"



# letters, maxDepth = 0
"${VALGRIND[@]}" ./crawler http://cs50tse.cs.dartmouth.edu/tse/letters/index.html ../data/output/letters-0 0
==34937== Memcheck, a memory error detector
==34937== Copyright (C) 2002-2017, and GNU GPL'd, by Julian Seward et al.
==34937== Using Valgrind-3.13.0 and LibVEX; rerun with -h for copyright info
==34937== Command: ./crawler http://cs50tse.cs.dartmouth.edu/tse/letters/index.html ../data/output/letters-0 0
==34937== 
 0   Fetched: http://cs50tse.cs.dartmouth.edu/tse/letters/index.html
 0     Saved: http://cs50tse.cs.dartmouth.edu/tse/letters/index.html
==34937== 
==34937== HEAP SUMMARY:
==34937==     in use at exit: 0 bytes in 0 blocks
==34937==   total heap usage: 133 allocs, 133 frees, 52,447 bytes allocated
==34937== 
==34937== All heap blocks were freed -- no leaks are possible
==34937== 
==34937== For counts of detected and suppressed errors, rerun with: -v
==34937== ERROR SUMMARY: 0 errors from 0 contexts (suppressed: 0 from 0)

printf "\n\n\n"



# letters, maxDepth = 10
"${VALGRIND[@]}" ./crawler http://cs50tse.cs.dartmouth.edu/tse/letters/index.html ../data/output/letters-10 10
==34944== Memcheck, a memory error detector
==34944== Copyright (C) 2002-2017, and GNU GPL'd, by Julian Seward et al.
==34944== Using Valgrind-3.13.0 and LibVEX; rerun with -h for copyright info
==34944== Command: ./crawler http://cs50tse.cs.dartmouth.edu/tse/letters/index.html ../data/output/letters-10 10
==34944== 
 0   Fetched: http://cs50tse.cs.dartmouth.edu/tse/letters/index.html
 0     Saved: http://cs50tse.cs.dartmouth.edu/tse/letters/index.html
 0  Scanning: http://cs50tse.cs.dartmouth.edu/tse/letters/index.html
 1      Found: http://cs50tse.cs.dartmouth.edu/tse/letters/A.html
 1     Queued: http://cs50tse.cs.dartmouth.edu/tse/letters/A.html
 1    Fetched: http://cs50tse.cs.dartmouth.edu/tse/letters/A.html
 1      Saved: http://cs50tse.cs.dartmouth.edu/tse/letters/A.html
 1   Scanning: http://cs50tse.cs.dartmouth.edu/tse/letters/A.html
 2    IgnExtrn: https://en.wikipedia.org/wiki/Algorithm
 2       Found: http://cs50tse.cs.dartmouth.edu/tse/letters/B.html
 2      Queued: http://cs50tse.cs.dartmouth.edu/tse/letters/B.html
 2       Found: http://cs50tse.cs.dartmouth.edu/tse/letters/index.html
 2     IgnDupl: http://cs50tse.cs.dartmouth.edu/tse/letters/index.html
 2     Fetched: http://cs50tse.cs.dartmouth.edu/tse/letters/B.html
 2       Saved: http://cs50tse.cs.dartmouth.edu/tse/letters/B.html
 2    Scanning: http://cs50tse.cs.dartmouth.edu/tse/letters/B.html
 3     IgnExtrn: https://en.wikipedia.org/wiki/Breadth-first_search
 3        Found: http://cs50tse.cs.dartmouth.edu/tse/letters/C.html
 3       Queued: http://cs50tse.cs.dartmouth.edu/tse/letters/C.html
 3        Found: http://cs50tse.cs.dartmouth.edu/tse/letters/D.html
 3       Queued: http://cs50tse.cs.dartmouth.edu/tse/letters/D.html
 3        Found: http://cs50tse.cs.dartmouth.edu/tse/letters/E.html
 3       Queued: http://cs50tse.cs.dartmouth.edu/tse/letters/E.html
 3        Found: http://cs50tse.cs.dartmouth.edu/tse/letters/index.html
 3      IgnDupl: http://cs50tse.cs.dartmouth.edu/tse/letters/index.html
 3      Fetched: http://cs50tse.cs.dartmouth.edu/tse/letters/E.html
 3        Saved: http://cs50tse.cs.dartmouth.edu/tse/letters/E.html
 3     Scanning: http://cs50tse.cs.dartmouth.edu/tse/letters/E.html
 4      IgnExtrn: https://en.wikipedia.org/wiki/ENIAC
 4         Found: http://cs50tse.cs.dartmouth.edu/tse/letters/F.html
 4        Queued: http://cs50tse.cs.dartmouth.edu/tse/letters/F.html
 4         Found: http://cs50tse.cs.dartmouth.edu/tse/letters/G.html
 4        Queued: http://cs50tse.cs.dartmouth.edu/tse/letters/G.html
 4         Found: http://cs50tse.cs.dartmouth.edu/tse/letters/A.html
 4       IgnDupl: http://cs50tse.cs.dartmouth.edu/tse/letters/A.html
 4         Found: http://cs50tse.cs.dartmouth.edu/tse/letters/index.html
 4       IgnDupl: http://cs50tse.cs.dartmouth.edu/tse/letters/index.html
 4       Fetched: http://cs50tse.cs.dartmouth.edu/tse/letters/G.html
 4         Saved: http://cs50tse.cs.dartmouth.edu/tse/letters/G.html
 4      Scanning: http://cs50tse.cs.dartmouth.edu/tse/letters/G.html
 5       IgnExtrn: https://en.wikipedia.org/wiki/Graph_traversal
 5          Found: http://cs50tse.cs.dartmouth.edu/tse/letters/H.html
 5         Queued: http://cs50tse.cs.dartmouth.edu/tse/letters/H.html
 5          Found: http://cs50tse.cs.dartmouth.edu/tse/letters/index.html
 5        IgnDupl: http://cs50tse.cs.dartmouth.edu/tse/letters/index.html
 5        Fetched: http://cs50tse.cs.dartmouth.edu/tse/letters/H.html
 5          Saved: http://cs50tse.cs.dartmouth.edu/tse/letters/H.html
 5       Scanning: http://cs50tse.cs.dartmouth.edu/tse/letters/H.html
 6        IgnExtrn: https://en.wikipedia.org/wiki/Huffman_coding
 6           Found: http://cs50tse.cs.dartmouth.edu/tse/letters/B.html
 6         IgnDupl: http://cs50tse.cs.dartmouth.edu/tse/letters/B.html
 6           Found: http://cs50tse.cs.dartmouth.edu/tse/letters/index.html
 6         IgnDupl: http://cs50tse.cs.dartmouth.edu/tse/letters/index.html
 4       Fetched: http://cs50tse.cs.dartmouth.edu/tse/letters/F.html
 4         Saved: http://cs50tse.cs.dartmouth.edu/tse/letters/F.html
 4      Scanning: http://cs50tse.cs.dartmouth.edu/tse/letters/F.html
 5       IgnExtrn: https://en.wikipedia.org/wiki/Fast_Fourier_transform
 5          Found: http://cs50tse.cs.dartmouth.edu/tse/letters/H.html
 5        IgnDupl: http://cs50tse.cs.dartmouth.edu/tse/letters/H.html
 5          Found: http://cs50tse.cs.dartmouth.edu/tse/letters/index.html
 5        IgnDupl: http://cs50tse.cs.dartmouth.edu/tse/letters/index.html
 3      Fetched: http://cs50tse.cs.dartmouth.edu/tse/letters/D.html
 3        Saved: http://cs50tse.cs.dartmouth.edu/tse/letters/D.html
 3     Scanning: http://cs50tse.cs.dartmouth.edu/tse/letters/D.html
 4      IgnExtrn: https://en.wikipedia.org/wiki/Depth-first_search
 4         Found: http://cs50tse.cs.dartmouth.edu/tse/letters/index.html
 4       IgnDupl: http://cs50tse.cs.dartmouth.edu/tse/letters/index.html
 3      Fetched: http://cs50tse.cs.dartmouth.edu/tse/letters/C.html
 3        Saved: http://cs50tse.cs.dartmouth.edu/tse/letters/C.html
 3     Scanning: http://cs50tse.cs.dartmouth.edu/tse/letters/C.html
 4      IgnExtrn: https://en.wikipedia.org/wiki/Computational_biology
 4         Found: http://cs50tse.cs.dartmouth.edu/tse/letters/D.html
 4       IgnDupl: http://cs50tse.cs.dartmouth.edu/tse/letters/D.html
 4         Found: http://cs50tse.cs.dartmouth.edu/tse/letters/index.html
 4       IgnDupl: http://cs50tse.cs.dartmouth.edu/tse/letters/index.html
==34944== 
==34944== HEAP SUMMARY:
==34944==     in use at exit: 0 bytes in 0 blocks
==34944==   total heap usage: 1,346 allocs, 1,346 frees, 311,155 bytes allocated
==34944== 
==34944== All heap blocks were freed -- no leaks are possible
==34944== 
==34944== For counts of detected and suppressed errors, rerun with: -v
==34944== ERROR SUMMARY: 0 errors from 0 contexts (suppressed: 0 from 0)

printf "\n\n\n"



# toscrape, maxDepth = 0
"${VALGRIND[@]}" ./crawler http://cs50tse.cs.dartmouth.edu/tse/toscrape/index.html ../data/output/toscrape-0 0
==35049== Memcheck, a memory error detector
==35049== Copyright (C) 2002-2017, and GNU GPL'd, by Julian Seward et al.
==35049== Using Valgrind-3.13.0 and LibVEX; rerun with -h for copyright info
==35049== Command: ./crawler http://cs50tse.cs.dartmouth.edu/tse/toscrape/index.html ../data/output/toscrape-0 0
==35049== 
 0   Fetched: http://cs50tse.cs.dartmouth.edu/tse/toscrape/index.html
 0     Saved: http://cs50tse.cs.dartmouth.edu/tse/toscrape/index.html
==35049== 
==35049== HEAP SUMMARY:
==35049==     in use at exit: 0 bytes in 0 blocks
==35049==   total heap usage: 51,322 allocs, 51,322 frees, 1,315,660,944 bytes allocated
==35049== 
==35049== All heap blocks were freed -- no leaks are possible
==35049== 
==35049== For counts of detected and suppressed errors, rerun with: -v
==35049== ERROR SUMMARY: 0 errors from 0 contexts (suppressed: 0 from 0)

printf "\n\n\n"



# toscrape, maxDepth = 1
"${VALGRIND[@]}" ./crawler http://cs50tse.cs.dartmouth.edu/tse/toscrape/index.html ../data/output/toscrape-1 1
==35071== Memcheck, a memory error detector
==35071== Copyright (C) 2002-2017, and GNU GPL'd, by Julian Seward et al.
==35071== Using Valgrind-3.13.0 and LibVEX; rerun with -h for copyright info
==35071== Command: ./crawler http://cs50tse.cs.dartmouth.edu/tse/toscrape/index.html ../data/output/toscrape-1 1
==35071== 
 0   Fetched: http://cs50tse.cs.dartmouth.edu/tse/toscrape/index.html
 0     Saved: http://cs50tse.cs.dartmouth.edu/tse/toscrape/index.html
 0  Scanning: http://cs50tse.cs.dartmouth.edu/tse/toscrape/index.html
 1      Found: http://cs50tse.cs.dartmouth.edu/tse/toscrape/index.html
 1    IgnDupl: http://cs50tse.cs.dartmouth.edu/tse/toscrape/index.html
 1      Found: http://cs50tse.cs.dartmouth.edu/tse/toscrape/index.html
 1    IgnDupl: http://cs50tse.cs.dartmouth.edu/tse/toscrape/index.html
 1      Found: http://cs50tse.cs.dartmouth.edu/tse/toscrape/catalogue/category/books_1/index.html
 1     Queued: http://cs50tse.cs.dartmouth.edu/tse/toscrape/catalogue/category/books_1/index.html
 1      Found: http://cs50tse.cs.dartmouth.edu/tse/toscrape/catalogue/category/books/travel_2/index.html
 1     Queued: http://cs50tse.cs.dartmouth.edu/tse/toscrape/catalogue/category/books/travel_2/index.html
 1      Found: http://cs50tse.cs.dartmouth.edu/tse/toscrape/catalogue/category/books/mystery_3/index.html
 1     Queued: http://cs50tse.cs.dartmouth.edu/tse/toscrape/catalogue/category/books/mystery_3/index.html
 1      Found: http://cs50tse.cs.dartmouth.edu/tse/toscrape/catalogue/category/books/historical-fiction_4/index.html
 1     Queued: http://cs50tse.cs.dartmouth.edu/tse/toscrape/catalogue/category/books/historical-fiction_4/index.html
 1      Found: http://cs50tse.cs.dartmouth.edu/tse/toscrape/catalogue/category/books/sequential-art_5/index.html
 1     Queued: http://cs50tse.cs.dartmouth.edu/tse/toscrape/catalogue/category/books/sequential-art_5/index.html
 1      Found: http://cs50tse.cs.dartmouth.edu/tse/toscrape/catalogue/category/books/classics_6/index.html
 1     Queued: http://cs50tse.cs.dartmouth.edu/tse/toscrape/catalogue/category/books/classics_6/index.html
 1      Found: http://cs50tse.cs.dartmouth.edu/tse/toscrape/catalogue/category/books/philosophy_7/index.html
 1     Queued: http://cs50tse.cs.dartmouth.edu/tse/toscrape/catalogue/category/books/philosophy_7/index.html
 1      Found: http://cs50tse.cs.dartmouth.edu/tse/toscrape/catalogue/category/books/romance_8/index.html
 1     Queued: http://cs50tse.cs.dartmouth.edu/tse/toscrape/catalogue/category/books/romance_8/index.html
 1      Found: http://cs50tse.cs.dartmouth.edu/tse/toscrape/catalogue/category/books/womens-fiction_9/index.html
 1     Queued: http://cs50tse.cs.dartmouth.edu/tse/toscrape/catalogue/category/books/womens-fiction_9/index.html
 1      Found: http://cs50tse.cs.dartmouth.edu/tse/toscrape/catalogue/category/books/fiction_10/index.html
 1     Queued: http://cs50tse.cs.dartmouth.edu/tse/toscrape/catalogue/category/books/fiction_10/index.html
 1      Found: http://cs50tse.cs.dartmouth.edu/tse/toscrape/catalogue/category/books/childrens_11/index.html
 1     Queued: http://cs50tse.cs.dartmouth.edu/tse/toscrape/catalogue/category/books/childrens_11/index.html
 1      Found: http://cs50tse.cs.dartmouth.edu/tse/toscrape/catalogue/category/books/religion_12/index.html
 1     Queued: http://cs50tse.cs.dartmouth.edu/tse/toscrape/catalogue/category/books/religion_12/index.html
 1      Found: http://cs50tse.cs.dartmouth.edu/tse/toscrape/catalogue/category/books/nonfiction_13/index.html
 1     Queued: http://cs50tse.cs.dartmouth.edu/tse/toscrape/catalogue/category/books/nonfiction_13/index.html
 1      Found: http://cs50tse.cs.dartmouth.edu/tse/toscrape/catalogue/category/books/music_14/index.html
 1     Queued: http://cs50tse.cs.dartmouth.edu/tse/toscrape/catalogue/category/books/music_14/index.html
 1      Found: http://cs50tse.cs.dartmouth.edu/tse/toscrape/catalogue/category/books/default_15/index.html
 1     Queued: http://cs50tse.cs.dartmouth.edu/tse/toscrape/catalogue/category/books/default_15/index.html
 1      Found: http://cs50tse.cs.dartmouth.edu/tse/toscrape/catalogue/category/books/science-fiction_16/index.html
 1     Queued: http://cs50tse.cs.dartmouth.edu/tse/toscrape/catalogue/category/books/science-fiction_16/index.html
 1      Found: http://cs50tse.cs.dartmouth.edu/tse/toscrape/catalogue/category/books/sports-and-games_17/index.html
 1     Queued: http://cs50tse.cs.dartmouth.edu/tse/toscrape/catalogue/category/books/sports-and-games_17/index.html
 1      Found: http://cs50tse.cs.dartmouth.edu/tse/toscrape/catalogue/category/books/add-a-comment_18/index.html
 1     Queued: http://cs50tse.cs.dartmouth.edu/tse/toscrape/catalogue/category/books/add-a-comment_18/index.html
 1      Found: http://cs50tse.cs.dartmouth.edu/tse/toscrape/catalogue/category/books/fantasy_19/index.html
 1     Queued: http://cs50tse.cs.dartmouth.edu/tse/toscrape/catalogue/category/books/fantasy_19/index.html
 1      Found: http://cs50tse.cs.dartmouth.edu/tse/toscrape/catalogue/category/books/new-adult_20/index.html
 1     Queued: http://cs50tse.cs.dartmouth.edu/tse/toscrape/catalogue/category/books/new-adult_20/index.html
 1      Found: http://cs50tse.cs.dartmouth.edu/tse/toscrape/catalogue/category/books/young-adult_21/index.html
 1     Queued: http://cs50tse.cs.dartmouth.edu/tse/toscrape/catalogue/category/books/young-adult_21/index.html
 1      Found: http://cs50tse.cs.dartmouth.edu/tse/toscrape/catalogue/category/books/science_22/index.html
 1     Queued: http://cs50tse.cs.dartmouth.edu/tse/toscrape/catalogue/category/books/science_22/index.html
 1      Found: http://cs50tse.cs.dartmouth.edu/tse/toscrape/catalogue/category/books/poetry_23/index.html
 1     Queued: http://cs50tse.cs.dartmouth.edu/tse/toscrape/catalogue/category/books/poetry_23/index.html
 1      Found: http://cs50tse.cs.dartmouth.edu/tse/toscrape/catalogue/category/books/paranormal_24/index.html
 1     Queued: http://cs50tse.cs.dartmouth.edu/tse/toscrape/catalogue/category/books/paranormal_24/index.html
 1      Found: http://cs50tse.cs.dartmouth.edu/tse/toscrape/catalogue/category/books/art_25/index.html
 1     Queued: http://cs50tse.cs.dartmouth.edu/tse/toscrape/catalogue/category/books/art_25/index.html
 1      Found: http://cs50tse.cs.dartmouth.edu/tse/toscrape/catalogue/category/books/psychology_26/index.html
 1     Queued: http://cs50tse.cs.dartmouth.edu/tse/toscrape/catalogue/category/books/psychology_26/index.html
 1      Found: http://cs50tse.cs.dartmouth.edu/tse/toscrape/catalogue/category/books/autobiography_27/index.html
 1     Queued: http://cs50tse.cs.dartmouth.edu/tse/toscrape/catalogue/category/books/autobiography_27/index.html
 1      Found: http://cs50tse.cs.dartmouth.edu/tse/toscrape/catalogue/category/books/parenting_28/index.html
 1     Queued: http://cs50tse.cs.dartmouth.edu/tse/toscrape/catalogue/category/books/parenting_28/index.html
 1      Found: http://cs50tse.cs.dartmouth.edu/tse/toscrape/catalogue/category/books/adult-fiction_29/index.html
 1     Queued: http://cs50tse.cs.dartmouth.edu/tse/toscrape/catalogue/category/books/adult-fiction_29/index.html
 1      Found: http://cs50tse.cs.dartmouth.edu/tse/toscrape/catalogue/category/books/humor_30/index.html
 1     Queued: http://cs50tse.cs.dartmouth.edu/tse/toscrape/catalogue/category/books/humor_30/index.html
 1      Found: http://cs50tse.cs.dartmouth.edu/tse/toscrape/catalogue/category/books/horror_31/index.html
 1     Queued: http://cs50tse.cs.dartmouth.edu/tse/toscrape/catalogue/category/books/horror_31/index.html
 1      Found: http://cs50tse.cs.dartmouth.edu/tse/toscrape/catalogue/category/books/history_32/index.html
 1     Queued: http://cs50tse.cs.dartmouth.edu/tse/toscrape/catalogue/category/books/history_32/index.html
 1      Found: http://cs50tse.cs.dartmouth.edu/tse/toscrape/catalogue/category/books/food-and-drink_33/index.html
 1     Queued: http://cs50tse.cs.dartmouth.edu/tse/toscrape/catalogue/category/books/food-and-drink_33/index.html
 1      Found: http://cs50tse.cs.dartmouth.edu/tse/toscrape/catalogue/category/books/christian-fiction_34/index.html
 1     Queued: http://cs50tse.cs.dartmouth.edu/tse/toscrape/catalogue/category/books/christian-fiction_34/index.html
 1      Found: http://cs50tse.cs.dartmouth.edu/tse/toscrape/catalogue/category/books/business_35/index.html
 1     Queued: http://cs50tse.cs.dartmouth.edu/tse/toscrape/catalogue/category/books/business_35/index.html
 1      Found: http://cs50tse.cs.dartmouth.edu/tse/toscrape/catalogue/category/books/biography_36/index.html
 1     Queued: http://cs50tse.cs.dartmouth.edu/tse/toscrape/catalogue/category/books/biography_36/index.html
 1      Found: http://cs50tse.cs.dartmouth.edu/tse/toscrape/catalogue/category/books/thriller_37/index.html
 1     Queued: http://cs50tse.cs.dartmouth.edu/tse/toscrape/catalogue/category/books/thriller_37/index.html
 1      Found: http://cs50tse.cs.dartmouth.edu/tse/toscrape/catalogue/category/books/contemporary_38/index.html
 1     Queued: http://cs50tse.cs.dartmouth.edu/tse/toscrape/catalogue/category/books/contemporary_38/index.html
 1      Found: http://cs50tse.cs.dartmouth.edu/tse/toscrape/catalogue/category/books/spirituality_39/index.html
 1     Queued: http://cs50tse.cs.dartmouth.edu/tse/toscrape/catalogue/category/books/spirituality_39/index.html
 1      Found: http://cs50tse.cs.dartmouth.edu/tse/toscrape/catalogue/category/books/academic_40/index.html
 1     Queued: http://cs50tse.cs.dartmouth.edu/tse/toscrape/catalogue/category/books/academic_40/index.html
 1      Found: http://cs50tse.cs.dartmouth.edu/tse/toscrape/catalogue/category/books/self-help_41/index.html
 1     Queued: http://cs50tse.cs.dartmouth.edu/tse/toscrape/catalogue/category/books/self-help_41/index.html
 1      Found: http://cs50tse.cs.dartmouth.edu/tse/toscrape/catalogue/category/books/historical_42/index.html
 1     Queued: http://cs50tse.cs.dartmouth.edu/tse/toscrape/catalogue/category/books/historical_42/index.html
 1      Found: http://cs50tse.cs.dartmouth.edu/tse/toscrape/catalogue/category/books/christian_43/index.html
 1     Queued: http://cs50tse.cs.dartmouth.edu/tse/toscrape/catalogue/category/books/christian_43/index.html
 1      Found: http://cs50tse.cs.dartmouth.edu/tse/toscrape/catalogue/category/books/suspense_44/index.html
 1     Queued: http://cs50tse.cs.dartmouth.edu/tse/toscrape/catalogue/category/books/suspense_44/index.html
 1      Found: http://cs50tse.cs.dartmouth.edu/tse/toscrape/catalogue/category/books/short-stories_45/index.html
 1     Queued: http://cs50tse.cs.dartmouth.edu/tse/toscrape/catalogue/category/books/short-stories_45/index.html
 1      Found: http://cs50tse.cs.dartmouth.edu/tse/toscrape/catalogue/category/books/novels_46/index.html
 1     Queued: http://cs50tse.cs.dartmouth.edu/tse/toscrape/catalogue/category/books/novels_46/index.html
 1      Found: http://cs50tse.cs.dartmouth.edu/tse/toscrape/catalogue/category/books/health_47/index.html
 1     Queued: http://cs50tse.cs.dartmouth.edu/tse/toscrape/catalogue/category/books/health_47/index.html
 1      Found: http://cs50tse.cs.dartmouth.edu/tse/toscrape/catalogue/category/books/politics_48/index.html
 1     Queued: http://cs50tse.cs.dartmouth.edu/tse/toscrape/catalogue/category/books/politics_48/index.html
 1      Found: http://cs50tse.cs.dartmouth.edu/tse/toscrape/catalogue/category/books/cultural_49/index.html
 1     Queued: http://cs50tse.cs.dartmouth.edu/tse/toscrape/catalogue/category/books/cultural_49/index.html
 1      Found: http://cs50tse.cs.dartmouth.edu/tse/toscrape/catalogue/category/books/erotica_50/index.html
 1     Queued: http://cs50tse.cs.dartmouth.edu/tse/toscrape/catalogue/category/books/erotica_50/index.html
 1      Found: http://cs50tse.cs.dartmouth.edu/tse/toscrape/catalogue/category/books/crime_51/index.html
 1     Queued: http://cs50tse.cs.dartmouth.edu/tse/toscrape/catalogue/category/books/crime_51/index.html
 1      Found: http://cs50tse.cs.dartmouth.edu/tse/toscrape/catalogue/a-light-in-the-attic_1000/index.html
 1     Queued: http://cs50tse.cs.dartmouth.edu/tse/toscrape/catalogue/a-light-in-the-attic_1000/index.html
 1      Found: http://cs50tse.cs.dartmouth.edu/tse/toscrape/catalogue/a-light-in-the-attic_1000/index.html
 1    IgnDupl: http://cs50tse.cs.dartmouth.edu/tse/toscrape/catalogue/a-light-in-the-attic_1000/index.html
 1      Found: http://cs50tse.cs.dartmouth.edu/tse/toscrape/catalogue/tipping-the-velvet_999/index.html
 1     Queued: http://cs50tse.cs.dartmouth.edu/tse/toscrape/catalogue/tipping-the-velvet_999/index.html
 1      Found: http://cs50tse.cs.dartmouth.edu/tse/toscrape/catalogue/tipping-the-velvet_999/index.html
 1    IgnDupl: http://cs50tse.cs.dartmouth.edu/tse/toscrape/catalogue/tipping-the-velvet_999/index.html
 1      Found: http://cs50tse.cs.dartmouth.edu/tse/toscrape/catalogue/soumission_998/index.html
 1     Queued: http://cs50tse.cs.dartmouth.edu/tse/toscrape/catalogue/soumission_998/index.html
 1      Found: http://cs50tse.cs.dartmouth.edu/tse/toscrape/catalogue/soumission_998/index.html
 1    IgnDupl: http://cs50tse.cs.dartmouth.edu/tse/toscrape/catalogue/soumission_998/index.html
 1      Found: http://cs50tse.cs.dartmouth.edu/tse/toscrape/catalogue/sharp-objects_997/index.html
 1     Queued: http://cs50tse.cs.dartmouth.edu/tse/toscrape/catalogue/sharp-objects_997/index.html
 1      Found: http://cs50tse.cs.dartmouth.edu/tse/toscrape/catalogue/sharp-objects_997/index.html
 1    IgnDupl: http://cs50tse.cs.dartmouth.edu/tse/toscrape/catalogue/sharp-objects_997/index.html
 1      Found: http://cs50tse.cs.dartmouth.edu/tse/toscrape/catalogue/sapiens-a-brief-history-of-humankind_996/index.html
 1     Queued: http://cs50tse.cs.dartmouth.edu/tse/toscrape/catalogue/sapiens-a-brief-history-of-humankind_996/index.html
 1      Found: http://cs50tse.cs.dartmouth.edu/tse/toscrape/catalogue/sapiens-a-brief-history-of-humankind_996/index.html
 1    IgnDupl: http://cs50tse.cs.dartmouth.edu/tse/toscrape/catalogue/sapiens-a-brief-history-of-humankind_996/index.html
 1      Found: http://cs50tse.cs.dartmouth.edu/tse/toscrape/catalogue/the-requiem-red_995/index.html
 1     Queued: http://cs50tse.cs.dartmouth.edu/tse/toscrape/catalogue/the-requiem-red_995/index.html
 1      Found: http://cs50tse.cs.dartmouth.edu/tse/toscrape/catalogue/the-requiem-red_995/index.html
 1    IgnDupl: http://cs50tse.cs.dartmouth.edu/tse/toscrape/catalogue/the-requiem-red_995/index.html
 1      Found: http://cs50tse.cs.dartmouth.edu/tse/toscrape/catalogue/the-dirty-little-secrets-of-getting-your-dream-job_994/index.html
 1     Queued: http://cs50tse.cs.dartmouth.edu/tse/toscrape/catalogue/the-dirty-little-secrets-of-getting-your-dream-job_994/index.html
 1      Found: http://cs50tse.cs.dartmouth.edu/tse/toscrape/catalogue/the-dirty-little-secrets-of-getting-your-dream-job_994/index.html
 1    IgnDupl: http://cs50tse.cs.dartmouth.edu/tse/toscrape/catalogue/the-dirty-little-secrets-of-getting-your-dream-job_994/index.html
 1      Found: http://cs50tse.cs.dartmouth.edu/tse/toscrape/catalogue/the-coming-woman-a-novel-based-on-the-life-of-the-infamous-feminist-victoria-woodhull_993/index.html
 1     Queued: http://cs50tse.cs.dartmouth.edu/tse/toscrape/catalogue/the-coming-woman-a-novel-based-on-the-life-of-the-infamous-feminist-victoria-woodhull_993/index.html
 1      Found: http://cs50tse.cs.dartmouth.edu/tse/toscrape/catalogue/the-coming-woman-a-novel-based-on-the-life-of-the-infamous-feminist-victoria-woodhull_993/index.html
 1    IgnDupl: http://cs50tse.cs.dartmouth.edu/tse/toscrape/catalogue/the-coming-woman-a-novel-based-on-the-life-of-the-infamous-feminist-victoria-woodhull_993/index.html
 1      Found: http://cs50tse.cs.dartmouth.edu/tse/toscrape/catalogue/the-boys-in-the-boat-nine-americans-and-their-epic-quest-for-gold-at-the-1936-berlin-olympics_992/index.html
 1     Queued: http://cs50tse.cs.dartmouth.edu/tse/toscrape/catalogue/the-boys-in-the-boat-nine-americans-and-their-epic-quest-for-gold-at-the-1936-berlin-olympics_992/index.html
 1      Found: http://cs50tse.cs.dartmouth.edu/tse/toscrape/catalogue/the-boys-in-the-boat-nine-americans-and-their-epic-quest-for-gold-at-the-1936-berlin-olympics_992/index.html
 1    IgnDupl: http://cs50tse.cs.dartmouth.edu/tse/toscrape/catalogue/the-boys-in-the-boat-nine-americans-and-their-epic-quest-for-gold-at-the-1936-berlin-olympics_992/index.html
 1      Found: http://cs50tse.cs.dartmouth.edu/tse/toscrape/catalogue/the-black-maria_991/index.html
 1     Queued: http://cs50tse.cs.dartmouth.edu/tse/toscrape/catalogue/the-black-maria_991/index.html
 1      Found: http://cs50tse.cs.dartmouth.edu/tse/toscrape/catalogue/the-black-maria_991/index.html
 1    IgnDupl: http://cs50tse.cs.dartmouth.edu/tse/toscrape/catalogue/the-black-maria_991/index.html
 1      Found: http://cs50tse.cs.dartmouth.edu/tse/toscrape/catalogue/starving-hearts-triangular-trade-trilogy-1_990/index.html
 1     Queued: http://cs50tse.cs.dartmouth.edu/tse/toscrape/catalogue/starving-hearts-triangular-trade-trilogy-1_990/index.html
 1      Found: http://cs50tse.cs.dartmouth.edu/tse/toscrape/catalogue/starving-hearts-triangular-trade-trilogy-1_990/index.html
 1    IgnDupl: http://cs50tse.cs.dartmouth.edu/tse/toscrape/catalogue/starving-hearts-triangular-trade-trilogy-1_990/index.html
 1      Found: http://cs50tse.cs.dartmouth.edu/tse/toscrape/catalogue/shakespeares-sonnets_989/index.html
 1     Queued: http://cs50tse.cs.dartmouth.edu/tse/toscrape/catalogue/shakespeares-sonnets_989/index.html
 1      Found: http://cs50tse.cs.dartmouth.edu/tse/toscrape/catalogue/shakespeares-sonnets_989/index.html
 1    IgnDupl: http://cs50tse.cs.dartmouth.edu/tse/toscrape/catalogue/shakespeares-sonnets_989/index.html
 1      Found: http://cs50tse.cs.dartmouth.edu/tse/toscrape/catalogue/set-me-free_988/index.html
 1     Queued: http://cs50tse.cs.dartmouth.edu/tse/toscrape/catalogue/set-me-free_988/index.html
 1      Found: http://cs50tse.cs.dartmouth.edu/tse/toscrape/catalogue/set-me-free_988/index.html
 1    IgnDupl: http://cs50tse.cs.dartmouth.edu/tse/toscrape/catalogue/set-me-free_988/index.html
 1      Found: http://cs50tse.cs.dartmouth.edu/tse/toscrape/catalogue/scott-pilgrims-precious-little-life-scott-pilgrim-1_987/index.html
 1     Queued: http://cs50tse.cs.dartmouth.edu/tse/toscrape/catalogue/scott-pilgrims-precious-little-life-scott-pilgrim-1_987/index.html
 1      Found: http://cs50tse.cs.dartmouth.edu/tse/toscrape/catalogue/scott-pilgrims-precious-little-life-scott-pilgrim-1_987/index.html
 1    IgnDupl: http://cs50tse.cs.dartmouth.edu/tse/toscrape/catalogue/scott-pilgrims-precious-little-life-scott-pilgrim-1_987/index.html
 1      Found: http://cs50tse.cs.dartmouth.edu/tse/toscrape/catalogue/rip-it-up-and-start-again_986/index.html
 1     Queued: http://cs50tse.cs.dartmouth.edu/tse/toscrape/catalogue/rip-it-up-and-start-again_986/index.html
 1      Found: http://cs50tse.cs.dartmouth.edu/tse/toscrape/catalogue/rip-it-up-and-start-again_986/index.html
 1    IgnDupl: http://cs50tse.cs.dartmouth.edu/tse/toscrape/catalogue/rip-it-up-and-start-again_986/index.html
 1      Found: http://cs50tse.cs.dartmouth.edu/tse/toscrape/catalogue/our-band-could-be-your-life-scenes-from-the-american-indie-underground-1981-1991_985/index.html
 1     Queued: http://cs50tse.cs.dartmouth.edu/tse/toscrape/catalogue/our-band-could-be-your-life-scenes-from-the-american-indie-underground-1981-1991_985/index.html
 1      Found: http://cs50tse.cs.dartmouth.edu/tse/toscrape/catalogue/our-band-could-be-your-life-scenes-from-the-american-indie-underground-1981-1991_985/index.html
 1    IgnDupl: http://cs50tse.cs.dartmouth.edu/tse/toscrape/catalogue/our-band-could-be-your-life-scenes-from-the-american-indie-underground-1981-1991_985/index.html
 1      Found: http://cs50tse.cs.dartmouth.edu/tse/toscrape/catalogue/olio_984/index.html
 1     Queued: http://cs50tse.cs.dartmouth.edu/tse/toscrape/catalogue/olio_984/index.html
 1      Found: http://cs50tse.cs.dartmouth.edu/tse/toscrape/catalogue/olio_984/index.html
 1    IgnDupl: http://cs50tse.cs.dartmouth.edu/tse/toscrape/catalogue/olio_984/index.html
 1      Found: http://cs50tse.cs.dartmouth.edu/tse/toscrape/catalogue/mesaerion-the-best-science-fiction-stories-1800-1849_983/index.html
 1     Queued: http://cs50tse.cs.dartmouth.edu/tse/toscrape/catalogue/mesaerion-the-best-science-fiction-stories-1800-1849_983/index.html
 1      Found: http://cs50tse.cs.dartmouth.edu/tse/toscrape/catalogue/mesaerion-the-best-science-fiction-stories-1800-1849_983/index.html
 1    IgnDupl: http://cs50tse.cs.dartmouth.edu/tse/toscrape/catalogue/mesaerion-the-best-science-fiction-stories-1800-1849_983/index.html
 1      Found: http://cs50tse.cs.dartmouth.edu/tse/toscrape/catalogue/libertarianism-for-beginners_982/index.html
 1     Queued: http://cs50tse.cs.dartmouth.edu/tse/toscrape/catalogue/libertarianism-for-beginners_982/index.html
 1      Found: http://cs50tse.cs.dartmouth.edu/tse/toscrape/catalogue/libertarianism-for-beginners_982/index.html
 1    IgnDupl: http://cs50tse.cs.dartmouth.edu/tse/toscrape/catalogue/libertarianism-for-beginners_982/index.html
 1      Found: http://cs50tse.cs.dartmouth.edu/tse/toscrape/catalogue/its-only-the-himalayas_981/index.html
 1     Queued: http://cs50tse.cs.dartmouth.edu/tse/toscrape/catalogue/its-only-the-himalayas_981/index.html
 1      Found: http://cs50tse.cs.dartmouth.edu/tse/toscrape/catalogue/its-only-the-himalayas_981/index.html
 1    IgnDupl: http://cs50tse.cs.dartmouth.edu/tse/toscrape/catalogue/its-only-the-himalayas_981/index.html
 1      Found: http://cs50tse.cs.dartmouth.edu/tse/toscrape/catalogue/page-2.html
 1     Queued: http://cs50tse.cs.dartmouth.edu/tse/toscrape/catalogue/page-2.html
 1    Fetched: http://cs50tse.cs.dartmouth.edu/tse/toscrape/catalogue/page-2.html
 1      Saved: http://cs50tse.cs.dartmouth.edu/tse/toscrape/catalogue/page-2.html
 1    Fetched: http://cs50tse.cs.dartmouth.edu/tse/toscrape/catalogue/its-only-the-himalayas_981/index.html
 1      Saved: http://cs50tse.cs.dartmouth.edu/tse/toscrape/catalogue/its-only-the-himalayas_981/index.html
 1    Fetched: http://cs50tse.cs.dartmouth.edu/tse/toscrape/catalogue/libertarianism-for-beginners_982/index.html
 1      Saved: http://cs50tse.cs.dartmouth.edu/tse/toscrape/catalogue/libertarianism-for-beginners_982/index.html
 1    Fetched: http://cs50tse.cs.dartmouth.edu/tse/toscrape/catalogue/mesaerion-the-best-science-fiction-stories-1800-1849_983/index.html
 1      Saved: http://cs50tse.cs.dartmouth.edu/tse/toscrape/catalogue/mesaerion-the-best-science-fiction-stories-1800-1849_983/index.html
 1    Fetched: http://cs50tse.cs.dartmouth.edu/tse/toscrape/catalogue/olio_984/index.html
 1      Saved: http://cs50tse.cs.dartmouth.edu/tse/toscrape/catalogue/olio_984/index.html
 1    Fetched: http://cs50tse.cs.dartmouth.edu/tse/toscrape/catalogue/our-band-could-be-your-life-scenes-from-the-american-indie-underground-1981-1991_985/index.html
 1      Saved: http://cs50tse.cs.dartmouth.edu/tse/toscrape/catalogue/our-band-could-be-your-life-scenes-from-the-american-indie-underground-1981-1991_985/index.html
 1    Fetched: http://cs50tse.cs.dartmouth.edu/tse/toscrape/catalogue/rip-it-up-and-start-again_986/index.html
 1      Saved: http://cs50tse.cs.dartmouth.edu/tse/toscrape/catalogue/rip-it-up-and-start-again_986/index.html
 1    Fetched: http://cs50tse.cs.dartmouth.edu/tse/toscrape/catalogue/scott-pilgrims-precious-little-life-scott-pilgrim-1_987/index.html
 1      Saved: http://cs50tse.cs.dartmouth.edu/tse/toscrape/catalogue/scott-pilgrims-precious-little-life-scott-pilgrim-1_987/index.html
 1    Fetched: http://cs50tse.cs.dartmouth.edu/tse/toscrape/catalogue/set-me-free_988/index.html
 1      Saved: http://cs50tse.cs.dartmouth.edu/tse/toscrape/catalogue/set-me-free_988/index.html
 1    Fetched: http://cs50tse.cs.dartmouth.edu/tse/toscrape/catalogue/shakespeares-sonnets_989/index.html
 1      Saved: http://cs50tse.cs.dartmouth.edu/tse/toscrape/catalogue/shakespeares-sonnets_989/index.html
 1    Fetched: http://cs50tse.cs.dartmouth.edu/tse/toscrape/catalogue/starving-hearts-triangular-trade-trilogy-1_990/index.html
 1      Saved: http://cs50tse.cs.dartmouth.edu/tse/toscrape/catalogue/starving-hearts-triangular-trade-trilogy-1_990/index.html
 1    Fetched: http://cs50tse.cs.dartmouth.edu/tse/toscrape/catalogue/the-black-maria_991/index.html
 1      Saved: http://cs50tse.cs.dartmouth.edu/tse/toscrape/catalogue/the-black-maria_991/index.html
 1    Fetched: http://cs50tse.cs.dartmouth.edu/tse/toscrape/catalogue/the-boys-in-the-boat-nine-americans-and-their-epic-quest-for-gold-at-the-1936-berlin-olympics_992/index.html
 1      Saved: http://cs50tse.cs.dartmouth.edu/tse/toscrape/catalogue/the-boys-in-the-boat-nine-americans-and-their-epic-quest-for-gold-at-the-1936-berlin-olympics_992/index.html
 1    Fetched: http://cs50tse.cs.dartmouth.edu/tse/toscrape/catalogue/the-coming-woman-a-novel-based-on-the-life-of-the-infamous-feminist-victoria-woodhull_993/index.html
 1      Saved: http://cs50tse.cs.dartmouth.edu/tse/toscrape/catalogue/the-coming-woman-a-novel-based-on-the-life-of-the-infamous-feminist-victoria-woodhull_993/index.html
 1    Fetched: http://cs50tse.cs.dartmouth.edu/tse/toscrape/catalogue/the-dirty-little-secrets-of-getting-your-dream-job_994/index.html
 1      Saved: http://cs50tse.cs.dartmouth.edu/tse/toscrape/catalogue/the-dirty-little-secrets-of-getting-your-dream-job_994/index.html
 1    Fetched: http://cs50tse.cs.dartmouth.edu/tse/toscrape/catalogue/the-requiem-red_995/index.html
 1      Saved: http://cs50tse.cs.dartmouth.edu/tse/toscrape/catalogue/the-requiem-red_995/index.html
 1    Fetched: http://cs50tse.cs.dartmouth.edu/tse/toscrape/catalogue/sapiens-a-brief-history-of-humankind_996/index.html
 1      Saved: http://cs50tse.cs.dartmouth.edu/tse/toscrape/catalogue/sapiens-a-brief-history-of-humankind_996/index.html
 1    Fetched: http://cs50tse.cs.dartmouth.edu/tse/toscrape/catalogue/sharp-objects_997/index.html
 1      Saved: http://cs50tse.cs.dartmouth.edu/tse/toscrape/catalogue/sharp-objects_997/index.html
 1    Fetched: http://cs50tse.cs.dartmouth.edu/tse/toscrape/catalogue/soumission_998/index.html
 1      Saved: http://cs50tse.cs.dartmouth.edu/tse/toscrape/catalogue/soumission_998/index.html
 1    Fetched: http://cs50tse.cs.dartmouth.edu/tse/toscrape/catalogue/tipping-the-velvet_999/index.html
 1      Saved: http://cs50tse.cs.dartmouth.edu/tse/toscrape/catalogue/tipping-the-velvet_999/index.html
 1    Fetched: http://cs50tse.cs.dartmouth.edu/tse/toscrape/catalogue/a-light-in-the-attic_1000/index.html
 1      Saved: http://cs50tse.cs.dartmouth.edu/tse/toscrape/catalogue/a-light-in-the-attic_1000/index.html
 1    Fetched: http://cs50tse.cs.dartmouth.edu/tse/toscrape/catalogue/category/books/crime_51/index.html
 1      Saved: http://cs50tse.cs.dartmouth.edu/tse/toscrape/catalogue/category/books/crime_51/index.html
 1    Fetched: http://cs50tse.cs.dartmouth.edu/tse/toscrape/catalogue/category/books/erotica_50/index.html
 1      Saved: http://cs50tse.cs.dartmouth.edu/tse/toscrape/catalogue/category/books/erotica_50/index.html
 1    Fetched: http://cs50tse.cs.dartmouth.edu/tse/toscrape/catalogue/category/books/cultural_49/index.html
 1      Saved: http://cs50tse.cs.dartmouth.edu/tse/toscrape/catalogue/category/books/cultural_49/index.html
 1    Fetched: http://cs50tse.cs.dartmouth.edu/tse/toscrape/catalogue/category/books/politics_48/index.html
 1      Saved: http://cs50tse.cs.dartmouth.edu/tse/toscrape/catalogue/category/books/politics_48/index.html
 1    Fetched: http://cs50tse.cs.dartmouth.edu/tse/toscrape/catalogue/category/books/health_47/index.html
 1      Saved: http://cs50tse.cs.dartmouth.edu/tse/toscrape/catalogue/category/books/health_47/index.html
 1    Fetched: http://cs50tse.cs.dartmouth.edu/tse/toscrape/catalogue/category/books/novels_46/index.html
 1      Saved: http://cs50tse.cs.dartmouth.edu/tse/toscrape/catalogue/category/books/novels_46/index.html
 1    Fetched: http://cs50tse.cs.dartmouth.edu/tse/toscrape/catalogue/category/books/short-stories_45/index.html
 1      Saved: http://cs50tse.cs.dartmouth.edu/tse/toscrape/catalogue/category/books/short-stories_45/index.html
 1    Fetched: http://cs50tse.cs.dartmouth.edu/tse/toscrape/catalogue/category/books/suspense_44/index.html
 1      Saved: http://cs50tse.cs.dartmouth.edu/tse/toscrape/catalogue/category/books/suspense_44/index.html
 1    Fetched: http://cs50tse.cs.dartmouth.edu/tse/toscrape/catalogue/category/books/christian_43/index.html
 1      Saved: http://cs50tse.cs.dartmouth.edu/tse/toscrape/catalogue/category/books/christian_43/index.html
 1    Fetched: http://cs50tse.cs.dartmouth.edu/tse/toscrape/catalogue/category/books/historical_42/index.html
 1      Saved: http://cs50tse.cs.dartmouth.edu/tse/toscrape/catalogue/category/books/historical_42/index.html
 1    Fetched: http://cs50tse.cs.dartmouth.edu/tse/toscrape/catalogue/category/books/self-help_41/index.html
 1      Saved: http://cs50tse.cs.dartmouth.edu/tse/toscrape/catalogue/category/books/self-help_41/index.html
 1    Fetched: http://cs50tse.cs.dartmouth.edu/tse/toscrape/catalogue/category/books/academic_40/index.html
 1      Saved: http://cs50tse.cs.dartmouth.edu/tse/toscrape/catalogue/category/books/academic_40/index.html
 1    Fetched: http://cs50tse.cs.dartmouth.edu/tse/toscrape/catalogue/category/books/spirituality_39/index.html
 1      Saved: http://cs50tse.cs.dartmouth.edu/tse/toscrape/catalogue/category/books/spirituality_39/index.html
 1    Fetched: http://cs50tse.cs.dartmouth.edu/tse/toscrape/catalogue/category/books/contemporary_38/index.html
 1      Saved: http://cs50tse.cs.dartmouth.edu/tse/toscrape/catalogue/category/books/contemporary_38/index.html
 1    Fetched: http://cs50tse.cs.dartmouth.edu/tse/toscrape/catalogue/category/books/thriller_37/index.html
 1      Saved: http://cs50tse.cs.dartmouth.edu/tse/toscrape/catalogue/category/books/thriller_37/index.html
 1    Fetched: http://cs50tse.cs.dartmouth.edu/tse/toscrape/catalogue/category/books/biography_36/index.html
 1      Saved: http://cs50tse.cs.dartmouth.edu/tse/toscrape/catalogue/category/books/biography_36/index.html
 1    Fetched: http://cs50tse.cs.dartmouth.edu/tse/toscrape/catalogue/category/books/business_35/index.html
 1      Saved: http://cs50tse.cs.dartmouth.edu/tse/toscrape/catalogue/category/books/business_35/index.html
 1    Fetched: http://cs50tse.cs.dartmouth.edu/tse/toscrape/catalogue/category/books/christian-fiction_34/index.html
 1      Saved: http://cs50tse.cs.dartmouth.edu/tse/toscrape/catalogue/category/books/christian-fiction_34/index.html
 1    Fetched: http://cs50tse.cs.dartmouth.edu/tse/toscrape/catalogue/category/books/food-and-drink_33/index.html
 1      Saved: http://cs50tse.cs.dartmouth.edu/tse/toscrape/catalogue/category/books/food-and-drink_33/index.html
 1    Fetched: http://cs50tse.cs.dartmouth.edu/tse/toscrape/catalogue/category/books/history_32/index.html
 1      Saved: http://cs50tse.cs.dartmouth.edu/tse/toscrape/catalogue/category/books/history_32/index.html
 1    Fetched: http://cs50tse.cs.dartmouth.edu/tse/toscrape/catalogue/category/books/horror_31/index.html
 1      Saved: http://cs50tse.cs.dartmouth.edu/tse/toscrape/catalogue/category/books/horror_31/index.html
 1    Fetched: http://cs50tse.cs.dartmouth.edu/tse/toscrape/catalogue/category/books/humor_30/index.html
 1      Saved: http://cs50tse.cs.dartmouth.edu/tse/toscrape/catalogue/category/books/humor_30/index.html
 1    Fetched: http://cs50tse.cs.dartmouth.edu/tse/toscrape/catalogue/category/books/adult-fiction_29/index.html
 1      Saved: http://cs50tse.cs.dartmouth.edu/tse/toscrape/catalogue/category/books/adult-fiction_29/index.html
 1    Fetched: http://cs50tse.cs.dartmouth.edu/tse/toscrape/catalogue/category/books/parenting_28/index.html
 1      Saved: http://cs50tse.cs.dartmouth.edu/tse/toscrape/catalogue/category/books/parenting_28/index.html
 1    Fetched: http://cs50tse.cs.dartmouth.edu/tse/toscrape/catalogue/category/books/autobiography_27/index.html
 1      Saved: http://cs50tse.cs.dartmouth.edu/tse/toscrape/catalogue/category/books/autobiography_27/index.html
 1    Fetched: http://cs50tse.cs.dartmouth.edu/tse/toscrape/catalogue/category/books/psychology_26/index.html
 1      Saved: http://cs50tse.cs.dartmouth.edu/tse/toscrape/catalogue/category/books/psychology_26/index.html
 1    Fetched: http://cs50tse.cs.dartmouth.edu/tse/toscrape/catalogue/category/books/art_25/index.html
 1      Saved: http://cs50tse.cs.dartmouth.edu/tse/toscrape/catalogue/category/books/art_25/index.html
 1    Fetched: http://cs50tse.cs.dartmouth.edu/tse/toscrape/catalogue/category/books/paranormal_24/index.html
 1      Saved: http://cs50tse.cs.dartmouth.edu/tse/toscrape/catalogue/category/books/paranormal_24/index.html
 1    Fetched: http://cs50tse.cs.dartmouth.edu/tse/toscrape/catalogue/category/books/poetry_23/index.html
 1      Saved: http://cs50tse.cs.dartmouth.edu/tse/toscrape/catalogue/category/books/poetry_23/index.html
 1    Fetched: http://cs50tse.cs.dartmouth.edu/tse/toscrape/catalogue/category/books/science_22/index.html
 1      Saved: http://cs50tse.cs.dartmouth.edu/tse/toscrape/catalogue/category/books/science_22/index.html
 1    Fetched: http://cs50tse.cs.dartmouth.edu/tse/toscrape/catalogue/category/books/young-adult_21/index.html
 1      Saved: http://cs50tse.cs.dartmouth.edu/tse/toscrape/catalogue/category/books/young-adult_21/index.html
 1    Fetched: http://cs50tse.cs.dartmouth.edu/tse/toscrape/catalogue/category/books/new-adult_20/index.html
 1      Saved: http://cs50tse.cs.dartmouth.edu/tse/toscrape/catalogue/category/books/new-adult_20/index.html
 1    Fetched: http://cs50tse.cs.dartmouth.edu/tse/toscrape/catalogue/category/books/fantasy_19/index.html
 1      Saved: http://cs50tse.cs.dartmouth.edu/tse/toscrape/catalogue/category/books/fantasy_19/index.html
 1    Fetched: http://cs50tse.cs.dartmouth.edu/tse/toscrape/catalogue/category/books/add-a-comment_18/index.html
 1      Saved: http://cs50tse.cs.dartmouth.edu/tse/toscrape/catalogue/category/books/add-a-comment_18/index.html
 1    Fetched: http://cs50tse.cs.dartmouth.edu/tse/toscrape/catalogue/category/books/sports-and-games_17/index.html
 1      Saved: http://cs50tse.cs.dartmouth.edu/tse/toscrape/catalogue/category/books/sports-and-games_17/index.html
 1    Fetched: http://cs50tse.cs.dartmouth.edu/tse/toscrape/catalogue/category/books/science-fiction_16/index.html
 1      Saved: http://cs50tse.cs.dartmouth.edu/tse/toscrape/catalogue/category/books/science-fiction_16/index.html
 1    Fetched: http://cs50tse.cs.dartmouth.edu/tse/toscrape/catalogue/category/books/default_15/index.html
 1      Saved: http://cs50tse.cs.dartmouth.edu/tse/toscrape/catalogue/category/books/default_15/index.html
 1    Fetched: http://cs50tse.cs.dartmouth.edu/tse/toscrape/catalogue/category/books/music_14/index.html
 1      Saved: http://cs50tse.cs.dartmouth.edu/tse/toscrape/catalogue/category/books/music_14/index.html
 1    Fetched: http://cs50tse.cs.dartmouth.edu/tse/toscrape/catalogue/category/books/nonfiction_13/index.html
 1      Saved: http://cs50tse.cs.dartmouth.edu/tse/toscrape/catalogue/category/books/nonfiction_13/index.html
 1    Fetched: http://cs50tse.cs.dartmouth.edu/tse/toscrape/catalogue/category/books/religion_12/index.html
 1      Saved: http://cs50tse.cs.dartmouth.edu/tse/toscrape/catalogue/category/books/religion_12/index.html
 1    Fetched: http://cs50tse.cs.dartmouth.edu/tse/toscrape/catalogue/category/books/childrens_11/index.html
 1      Saved: http://cs50tse.cs.dartmouth.edu/tse/toscrape/catalogue/category/books/childrens_11/index.html
 1    Fetched: http://cs50tse.cs.dartmouth.edu/tse/toscrape/catalogue/category/books/fiction_10/index.html
 1      Saved: http://cs50tse.cs.dartmouth.edu/tse/toscrape/catalogue/category/books/fiction_10/index.html
 1    Fetched: http://cs50tse.cs.dartmouth.edu/tse/toscrape/catalogue/category/books/womens-fiction_9/index.html
 1      Saved: http://cs50tse.cs.dartmouth.edu/tse/toscrape/catalogue/category/books/womens-fiction_9/index.html
 1    Fetched: http://cs50tse.cs.dartmouth.edu/tse/toscrape/catalogue/category/books/romance_8/index.html
 1      Saved: http://cs50tse.cs.dartmouth.edu/tse/toscrape/catalogue/category/books/romance_8/index.html
 1    Fetched: http://cs50tse.cs.dartmouth.edu/tse/toscrape/catalogue/category/books/philosophy_7/index.html
 1      Saved: http://cs50tse.cs.dartmouth.edu/tse/toscrape/catalogue/category/books/philosophy_7/index.html
 1    Fetched: http://cs50tse.cs.dartmouth.edu/tse/toscrape/catalogue/category/books/classics_6/index.html
 1      Saved: http://cs50tse.cs.dartmouth.edu/tse/toscrape/catalogue/category/books/classics_6/index.html
 1    Fetched: http://cs50tse.cs.dartmouth.edu/tse/toscrape/catalogue/category/books/sequential-art_5/index.html
 1      Saved: http://cs50tse.cs.dartmouth.edu/tse/toscrape/catalogue/category/books/sequential-art_5/index.html
 1    Fetched: http://cs50tse.cs.dartmouth.edu/tse/toscrape/catalogue/category/books/historical-fiction_4/index.html
 1      Saved: http://cs50tse.cs.dartmouth.edu/tse/toscrape/catalogue/category/books/historical-fiction_4/index.html
 1    Fetched: http://cs50tse.cs.dartmouth.edu/tse/toscrape/catalogue/category/books/mystery_3/index.html
 1      Saved: http://cs50tse.cs.dartmouth.edu/tse/toscrape/catalogue/category/books/mystery_3/index.html
 1    Fetched: http://cs50tse.cs.dartmouth.edu/tse/toscrape/catalogue/category/books/travel_2/index.html
 1      Saved: http://cs50tse.cs.dartmouth.edu/tse/toscrape/catalogue/category/books/travel_2/index.html
 1    Fetched: http://cs50tse.cs.dartmouth.edu/tse/toscrape/catalogue/category/books_1/index.html
 1      Saved: http://cs50tse.cs.dartmouth.edu/tse/toscrape/catalogue/category/books_1/index.html
==35071== 
==35071== HEAP SUMMARY:
==35071==     in use at exit: 0 bytes in 0 blocks
==35071==   total heap usage: 2,300,687 allocs, 2,300,687 frees, 42,742,199,854 bytes allocated
==35071== 
==35071== All heap blocks were freed -- no leaks are possible
==35071== 
==35071== For counts of detected and suppressed errors, rerun with: -v
==35071== ERROR SUMMARY: 0 errors from 0 contexts (suppressed: 0 from 0)

printf "\n\n\n"



# wikipedia, maxDepth = 0
"${VALGRIND[@]}" ./crawler http://cs50tse.cs.dartmouth.edu/tse/wikipedia/index.html ../data/output/wikipedia-0 0
==35379== Memcheck, a memory error detector
==35379== Copyright (C) 2002-2017, and GNU GPL'd, by Julian Seward et al.
==35379== Using Valgrind-3.13.0 and LibVEX; rerun with -h for copyright info
==35379== Command: ./crawler http://cs50tse.cs.dartmouth.edu/tse/wikipedia/index.html ../data/output/wikipedia-0 0
==35379== 
 0   Fetched: http://cs50tse.cs.dartmouth.edu/tse/wikipedia/index.html
 0     Saved: http://cs50tse.cs.dartmouth.edu/tse/wikipedia/index.html
==35379== 
==35379== HEAP SUMMARY:
==35379==     in use at exit: 0 bytes in 0 blocks
==35379==   total heap usage: 6,266 allocs, 6,266 frees, 19,512,472 bytes allocated
==35379== 
==35379== All heap blocks were freed -- no leaks are possible
==35379== 
==35379== For counts of detected and suppressed errors, rerun with: -v
==35379== ERROR SUMMARY: 0 errors from 0 contexts (suppressed: 0 from 0)

printf "\n\n\n"



# wikipedia, maxDepth = 1
"${VALGRIND[@]}" ./crawler http://cs50tse.cs.dartmouth.edu/tse/wikipedia/index.html ../data/output/wikipedia-1 1
==35383== Memcheck, a memory error detector
==35383== Copyright (C) 2002-2017, and GNU GPL'd, by Julian Seward et al.
==35383== Using Valgrind-3.13.0 and LibVEX; rerun with -h for copyright info
==35383== Command: ./crawler http://cs50tse.cs.dartmouth.edu/tse/wikipedia/index.html ../data/output/wikipedia-1 1
==35383== 
 0   Fetched: http://cs50tse.cs.dartmouth.edu/tse/wikipedia/index.html
 0     Saved: http://cs50tse.cs.dartmouth.edu/tse/wikipedia/index.html
 0  Scanning: http://cs50tse.cs.dartmouth.edu/tse/wikipedia/index.html
 1      Found: http://cs50tse.cs.dartmouth.edu/tse/wikipedia/Computer_science.html
 1     Queued: http://cs50tse.cs.dartmouth.edu/tse/wikipedia/Computer_science.html
 1      Found: http://cs50tse.cs.dartmouth.edu/tse/wikipedia/C_(programming_language).html
 1     Queued: http://cs50tse.cs.dartmouth.edu/tse/wikipedia/C_(programming_language).html
 1      Found: http://cs50tse.cs.dartmouth.edu/tse/wikipedia/Unix.html
 1     Queued: http://cs50tse.cs.dartmouth.edu/tse/wikipedia/Unix.html
 1      Found: http://cs50tse.cs.dartmouth.edu/tse/wikipedia/Dartmouth_College.html
 1     Queued: http://cs50tse.cs.dartmouth.edu/tse/wikipedia/Dartmouth_College.html
 1      Found: http://cs50tse.cs.dartmouth.edu/tse/wikipedia/Hash_table.html
 1     Queued: http://cs50tse.cs.dartmouth.edu/tse/wikipedia/Hash_table.html
 1      Found: http://cs50tse.cs.dartmouth.edu/tse/wikipedia/Linked_list.html
 1     Queued: http://cs50tse.cs.dartmouth.edu/tse/wikipedia/Linked_list.html
 1    Fetched: http://cs50tse.cs.dartmouth.edu/tse/wikipedia/Linked_list.html
 1      Saved: http://cs50tse.cs.dartmouth.edu/tse/wikipedia/Linked_list.html
 1    Fetched: http://cs50tse.cs.dartmouth.edu/tse/wikipedia/Hash_table.html
 1      Saved: http://cs50tse.cs.dartmouth.edu/tse/wikipedia/Hash_table.html
 1    Fetched: http://cs50tse.cs.dartmouth.edu/tse/wikipedia/Dartmouth_College.html
 1      Saved: http://cs50tse.cs.dartmouth.edu/tse/wikipedia/Dartmouth_College.html
 1    Fetched: http://cs50tse.cs.dartmouth.edu/tse/wikipedia/Unix.html
 1      Saved: http://cs50tse.cs.dartmouth.edu/tse/wikipedia/Unix.html
 1    Fetched: http://cs50tse.cs.dartmouth.edu/tse/wikipedia/C_(programming_language).html
 1      Saved: http://cs50tse.cs.dartmouth.edu/tse/wikipedia/C_(programming_language).html
 1    Fetched: http://cs50tse.cs.dartmouth.edu/tse/wikipedia/Computer_science.html
 1      Saved: http://cs50tse.cs.dartmouth.edu/tse/wikipedia/Computer_science.html
==35383== 
==35383== HEAP SUMMARY:
==35383==     in use at exit: 0 bytes in 0 blocks
==35383==   total heap usage: 1,486,471 allocs, 1,486,471 frees, 234,198,506,697 bytes allocated
==35383== 
==35383== All heap blocks were freed -- no leaks are possible
==35383== 
==35383== For counts of detected and suppressed errors, rerun with: -v
==35383== ERROR SUMMARY: 0 errors from 0 contexts (suppressed: 0 from 0)
