gcc -Wall -pedantic -std=c11 -ggdb -I ../libcs50 -I ../common -DLOGPROGRESS -DQUICKTEST indexer.c ../common/common.a ../libcs50/libcs50-given.a -o indexer
bash -v memcheck.sh
#!/bin/bash
#
# memcheck.sh
# usage:
#   ./memcheck.sh
# output:
#   stdout
#
# Author: Amittai Wekesa, April 2021

: '
DISCLAIMER: The functionality of this testing script is dependent on
the existence of the following directories in the directory ../data/output 
1.  letters-0
2. letters-10
3. toscrape-0
4. toscrape-1
5. wikipedia-0
6. wikipedia-1

To generate these directories and their contents, run the crawler test script "testing.sh".

In turn, this script creats *.index files in the same directory ../data/output.
'

VALGRIND="valgrind --leak-check=full --show-leak-kinds=all"

# incorrect usage

# no args 
$VALGRIND ./indexer
==18421== Memcheck, a memory error detector
==18421== Copyright (C) 2002-2017, and GNU GPL'd, by Julian Seward et al.
==18421== Using Valgrind-3.13.0 and LibVEX; rerun with -h for copyright info
==18421== Command: ./indexer
==18421== 
Too few arguments.
Usage: './indexer [pageDirectory] [indexFilename]
'==18421== 
==18421== HEAP SUMMARY:
==18421==     in use at exit: 0 bytes in 0 blocks
==18421==   total heap usage: 0 allocs, 0 frees, 0 bytes allocated
==18421== 
==18421== All heap blocks were freed -- no leaks are possible
==18421== 
==18421== For counts of detected and suppressed errors, rerun with: -v
==18421== ERROR SUMMARY: 0 errors from 0 contexts (suppressed: 0 from 0)

# one arg (too few)
$VALGRIND ./indexer ../data/output/wikipedia-1 
==18422== Memcheck, a memory error detector
==18422== Copyright (C) 2002-2017, and GNU GPL'd, by Julian Seward et al.
==18422== Using Valgrind-3.13.0 and LibVEX; rerun with -h for copyright info
==18422== Command: ./indexer ../data/output/wikipedia-1
==18422== 
Too few arguments.
Usage: './indexer [pageDirectory] [indexFilename]
'==18422== 
==18422== HEAP SUMMARY:
==18422==     in use at exit: 0 bytes in 0 blocks
==18422==   total heap usage: 0 allocs, 0 frees, 0 bytes allocated
==18422== 
==18422== All heap blocks were freed -- no leaks are possible
==18422== 
==18422== For counts of detected and suppressed errors, rerun with: -v
==18422== ERROR SUMMARY: 0 errors from 0 contexts (suppressed: 0 from 0)

# three args (too many)
$VALGRIND ./indexer ../data/output/wikipedia-1 ../data/output/wikipedia-1.index ../data/output/wikipedia-1.index
==18435== Memcheck, a memory error detector
==18435== Copyright (C) 2002-2017, and GNU GPL'd, by Julian Seward et al.
==18435== Using Valgrind-3.13.0 and LibVEX; rerun with -h for copyright info
==18435== Command: ./indexer ../data/output/wikipedia-1 ../data/output/wikipedia-1.index ../data/output/wikipedia-1.index
==18435== 
Too many arguments.
Usage: './indexer [pageDirectory] [indexFilename]
'==18435== 
==18435== HEAP SUMMARY:
==18435==     in use at exit: 0 bytes in 0 blocks
==18435==   total heap usage: 0 allocs, 0 frees, 0 bytes allocated
==18435== 
==18435== All heap blocks were freed -- no leaks are possible
==18435== 
==18435== For counts of detected and suppressed errors, rerun with: -v
==18435== ERROR SUMMARY: 0 errors from 0 contexts (suppressed: 0 from 0)

# invalid source directory
$VALGRIND ./indexer ../data/output/wikipedia-1000 ../data/output/wikipedia-1.index
==18436== Memcheck, a memory error detector
==18436== Copyright (C) 2002-2017, and GNU GPL'd, by Julian Seward et al.
==18436== Using Valgrind-3.13.0 and LibVEX; rerun with -h for copyright info
==18436== Command: ./indexer ../data/output/wikipedia-1000 ../data/output/wikipedia-1.index
==18436== 
'../data/output/wikipedia-1000' is not a valid crawler directory.
==18436== 
==18436== HEAP SUMMARY:
==18436==     in use at exit: 0 bytes in 0 blocks
==18436==   total heap usage: 3 allocs, 3 frees, 568 bytes allocated
==18436== 
==18436== All heap blocks were freed -- no leaks are possible
==18436== 
==18436== For counts of detected and suppressed errors, rerun with: -v
==18436== ERROR SUMMARY: 0 errors from 0 contexts (suppressed: 0 from 0)

# invalid output directory (wherein to output create file)
$VALGRIND ./indexer ../data/output/wikipedia-1 ../data/outputDUMMY/wikipedia-1.index
==18444== Memcheck, a memory error detector
==18444== Copyright (C) 2002-2017, and GNU GPL'd, by Julian Seward et al.
==18444== Using Valgrind-3.13.0 and LibVEX; rerun with -h for copyright info
==18444== Command: ./indexer ../data/output/wikipedia-1 ../data/outputDUMMY/wikipedia-1.index
==18444== 
Invalid index file name and/or directory.
==18444== 
==18444== HEAP SUMMARY:
==18444==     in use at exit: 0 bytes in 0 blocks
==18444==   total heap usage: 4 allocs, 4 frees, 1,120 bytes allocated
==18444== 
==18444== All heap blocks were freed -- no leaks are possible
==18444== 
==18444== For counts of detected and suppressed errors, rerun with: -v
==18444== ERROR SUMMARY: 0 errors from 0 contexts (suppressed: 0 from 0)


# VALID TESTS:

# letters, maxDepth = 0
$VALGRIND ./indexer ../data/output/letters-0 ../data/output/letters-0.index
==18446== Memcheck, a memory error detector
==18446== Copyright (C) 2002-2017, and GNU GPL'd, by Julian Seward et al.
==18446== Using Valgrind-3.13.0 and LibVEX; rerun with -h for copyright info
==18446== Command: ./indexer ../data/output/letters-0 ../data/output/letters-0.index
==18446== 
      dir: ../data/output/letters-0
    index: ../data/output/letters-0.index

       START
         file: ../data/output/letters-0/1
           page: http://cs50tse.cs.dartmouth.edu/tse/letters/index.html
         file: ../data/output/letters-0/2
        END 

  printed: ../data/output/letters-0.index
  deleted: index object.
==18446== 
==18446== HEAP SUMMARY:
==18446==     in use at exit: 0 bytes in 0 blocks
==18446==   total heap usage: 103 allocs, 103 frees, 30,855 bytes allocated
==18446== 
==18446== All heap blocks were freed -- no leaks are possible
==18446== 
==18446== For counts of detected and suppressed errors, rerun with: -v
==18446== ERROR SUMMARY: 0 errors from 0 contexts (suppressed: 0 from 0)

# letters, maxDepth = 10
$VALGRIND ./indexer ../data/output/letters-10 ../data/output/letters-10.index
==18447== Memcheck, a memory error detector
==18447== Copyright (C) 2002-2017, and GNU GPL'd, by Julian Seward et al.
==18447== Using Valgrind-3.13.0 and LibVEX; rerun with -h for copyright info
==18447== Command: ./indexer ../data/output/letters-10 ../data/output/letters-10.index
==18447== 
      dir: ../data/output/letters-10
    index: ../data/output/letters-10.index

       START
         file: ../data/output/letters-10/1
           page: http://cs50tse.cs.dartmouth.edu/tse/letters/index.html
         file: ../data/output/letters-10/2
           page: http://cs50tse.cs.dartmouth.edu/tse/letters/A.html
         file: ../data/output/letters-10/3
           page: http://cs50tse.cs.dartmouth.edu/tse/letters/B.html
         file: ../data/output/letters-10/4
           page: http://cs50tse.cs.dartmouth.edu/tse/letters/E.html
         file: ../data/output/letters-10/5
           page: http://cs50tse.cs.dartmouth.edu/tse/letters/G.html
         file: ../data/output/letters-10/6
           page: http://cs50tse.cs.dartmouth.edu/tse/letters/H.html
         file: ../data/output/letters-10/7
           page: http://cs50tse.cs.dartmouth.edu/tse/letters/F.html
         file: ../data/output/letters-10/8
           page: http://cs50tse.cs.dartmouth.edu/tse/letters/D.html
         file: ../data/output/letters-10/9
           page: http://cs50tse.cs.dartmouth.edu/tse/letters/C.html
         file: ../data/output/letters-10/10
        END 

  printed: ../data/output/letters-10.index
  deleted: index object.
==18447== 
==18447== HEAP SUMMARY:
==18447==     in use at exit: 0 bytes in 0 blocks
==18447==   total heap usage: 1,056 allocs, 1,056 frees, 203,915 bytes allocated
==18447== 
==18447== All heap blocks were freed -- no leaks are possible
==18447== 
==18447== For counts of detected and suppressed errors, rerun with: -v
==18447== ERROR SUMMARY: 0 errors from 0 contexts (suppressed: 0 from 0)

# toscrape, maxDepth = 0
$VALGRIND ./indexer ../data/output/toscrape-0 ../data/output/toscrape-0.index
==18449== Memcheck, a memory error detector
==18449== Copyright (C) 2002-2017, and GNU GPL'd, by Julian Seward et al.
==18449== Using Valgrind-3.13.0 and LibVEX; rerun with -h for copyright info
==18449== Command: ./indexer ../data/output/toscrape-0 ../data/output/toscrape-0.index
==18449== 
      dir: ../data/output/toscrape-0
    index: ../data/output/toscrape-0.index

       START
         file: ../data/output/toscrape-0/1
           page: http://cs50tse.cs.dartmouth.edu/tse/toscrape/index.html
         file: ../data/output/toscrape-0/2
        END 

  printed: ../data/output/toscrape-0.index
  deleted: index object.
==18449== 
==18449== HEAP SUMMARY:
==18449==     in use at exit: 0 bytes in 0 blocks
==18449==   total heap usage: 52,079 allocs, 52,079 frees, 1,315,699,229 bytes allocated
==18449== 
==18449== All heap blocks were freed -- no leaks are possible
==18449== 
==18449== For counts of detected and suppressed errors, rerun with: -v
==18449== ERROR SUMMARY: 0 errors from 0 contexts (suppressed: 0 from 0)

# toscrape, maxDepth = 1
$VALGRIND ./indexer ../data/output/toscrape-1 ../data/output/toscrape-1.index
==18468== Memcheck, a memory error detector
==18468== Copyright (C) 2002-2017, and GNU GPL'd, by Julian Seward et al.
==18468== Using Valgrind-3.13.0 and LibVEX; rerun with -h for copyright info
==18468== Command: ./indexer ../data/output/toscrape-1 ../data/output/toscrape-1.index
==18468== 
      dir: ../data/output/toscrape-1
    index: ../data/output/toscrape-1.index

       START
         file: ../data/output/toscrape-1/1
           page: http://cs50tse.cs.dartmouth.edu/tse/toscrape/index.html
         file: ../data/output/toscrape-1/2
           page: http://cs50tse.cs.dartmouth.edu/tse/toscrape/catalogue/page-2.html
         file: ../data/output/toscrape-1/3
           page: http://cs50tse.cs.dartmouth.edu/tse/toscrape/catalogue/its-only-the-himalayas_981/index.html
         file: ../data/output/toscrape-1/4
           page: http://cs50tse.cs.dartmouth.edu/tse/toscrape/catalogue/libertarianism-for-beginners_982/index.html
         file: ../data/output/toscrape-1/5
           page: http://cs50tse.cs.dartmouth.edu/tse/toscrape/catalogue/mesaerion-the-best-science-fiction-stories-1800-1849_983/index.html
         file: ../data/output/toscrape-1/6
           page: http://cs50tse.cs.dartmouth.edu/tse/toscrape/catalogue/olio_984/index.html
         file: ../data/output/toscrape-1/7
           page: http://cs50tse.cs.dartmouth.edu/tse/toscrape/catalogue/our-band-could-be-your-life-scenes-from-the-american-indie-underground-1981-1991_985/index.html
         file: ../data/output/toscrape-1/8
           page: http://cs50tse.cs.dartmouth.edu/tse/toscrape/catalogue/rip-it-up-and-start-again_986/index.html
         file: ../data/output/toscrape-1/9
           page: http://cs50tse.cs.dartmouth.edu/tse/toscrape/catalogue/scott-pilgrims-precious-little-life-scott-pilgrim-1_987/index.html
         file: ../data/output/toscrape-1/10
           page: http://cs50tse.cs.dartmouth.edu/tse/toscrape/catalogue/set-me-free_988/index.html
         file: ../data/output/toscrape-1/11
           page: http://cs50tse.cs.dartmouth.edu/tse/toscrape/catalogue/shakespeares-sonnets_989/index.html
         file: ../data/output/toscrape-1/12
           page: http://cs50tse.cs.dartmouth.edu/tse/toscrape/catalogue/starving-hearts-triangular-trade-trilogy-1_990/index.html
         file: ../data/output/toscrape-1/13
           page: http://cs50tse.cs.dartmouth.edu/tse/toscrape/catalogue/the-black-maria_991/index.html
         file: ../data/output/toscrape-1/14
           page: http://cs50tse.cs.dartmouth.edu/tse/toscrape/catalogue/the-boys-in-the-boat-nine-americans-and-their-epic-quest-for-gold-at-the-1936-berlin-olympics_992/index.html
         file: ../data/output/toscrape-1/15
           page: http://cs50tse.cs.dartmouth.edu/tse/toscrape/catalogue/the-coming-woman-a-novel-based-on-the-life-of-the-infamous-feminist-victoria-woodhull_993/index.html
         file: ../data/output/toscrape-1/16
           page: http://cs50tse.cs.dartmouth.edu/tse/toscrape/catalogue/the-dirty-little-secrets-of-getting-your-dream-job_994/index.html
         file: ../data/output/toscrape-1/17
           page: http://cs50tse.cs.dartmouth.edu/tse/toscrape/catalogue/the-requiem-red_995/index.html
         file: ../data/output/toscrape-1/18
           page: http://cs50tse.cs.dartmouth.edu/tse/toscrape/catalogue/sapiens-a-brief-history-of-humankind_996/index.html
         file: ../data/output/toscrape-1/19
           page: http://cs50tse.cs.dartmouth.edu/tse/toscrape/catalogue/sharp-objects_997/index.html
         file: ../data/output/toscrape-1/20
           page: http://cs50tse.cs.dartmouth.edu/tse/toscrape/catalogue/soumission_998/index.html
         file: ../data/output/toscrape-1/21
           page: http://cs50tse.cs.dartmouth.edu/tse/toscrape/catalogue/tipping-the-velvet_999/index.html
         file: ../data/output/toscrape-1/22
           page: http://cs50tse.cs.dartmouth.edu/tse/toscrape/catalogue/a-light-in-the-attic_1000/index.html
         file: ../data/output/toscrape-1/23
           page: http://cs50tse.cs.dartmouth.edu/tse/toscrape/catalogue/category/books/crime_51/index.html
         file: ../data/output/toscrape-1/24
           page: http://cs50tse.cs.dartmouth.edu/tse/toscrape/catalogue/category/books/erotica_50/index.html
         file: ../data/output/toscrape-1/25
           page: http://cs50tse.cs.dartmouth.edu/tse/toscrape/catalogue/category/books/cultural_49/index.html
         file: ../data/output/toscrape-1/26
           page: http://cs50tse.cs.dartmouth.edu/tse/toscrape/catalogue/category/books/politics_48/index.html
         file: ../data/output/toscrape-1/27
           page: http://cs50tse.cs.dartmouth.edu/tse/toscrape/catalogue/category/books/health_47/index.html
         file: ../data/output/toscrape-1/28
           page: http://cs50tse.cs.dartmouth.edu/tse/toscrape/catalogue/category/books/novels_46/index.html
         file: ../data/output/toscrape-1/29
           page: http://cs50tse.cs.dartmouth.edu/tse/toscrape/catalogue/category/books/short-stories_45/index.html
         file: ../data/output/toscrape-1/30
           page: http://cs50tse.cs.dartmouth.edu/tse/toscrape/catalogue/category/books/suspense_44/index.html
         file: ../data/output/toscrape-1/31
           page: http://cs50tse.cs.dartmouth.edu/tse/toscrape/catalogue/category/books/christian_43/index.html
         file: ../data/output/toscrape-1/32
           page: http://cs50tse.cs.dartmouth.edu/tse/toscrape/catalogue/category/books/historical_42/index.html
         file: ../data/output/toscrape-1/33
           page: http://cs50tse.cs.dartmouth.edu/tse/toscrape/catalogue/category/books/self-help_41/index.html
         file: ../data/output/toscrape-1/34
           page: http://cs50tse.cs.dartmouth.edu/tse/toscrape/catalogue/category/books/academic_40/index.html
         file: ../data/output/toscrape-1/35
           page: http://cs50tse.cs.dartmouth.edu/tse/toscrape/catalogue/category/books/spirituality_39/index.html
         file: ../data/output/toscrape-1/36
           page: http://cs50tse.cs.dartmouth.edu/tse/toscrape/catalogue/category/books/contemporary_38/index.html
         file: ../data/output/toscrape-1/37
           page: http://cs50tse.cs.dartmouth.edu/tse/toscrape/catalogue/category/books/thriller_37/index.html
         file: ../data/output/toscrape-1/38
           page: http://cs50tse.cs.dartmouth.edu/tse/toscrape/catalogue/category/books/biography_36/index.html
         file: ../data/output/toscrape-1/39
           page: http://cs50tse.cs.dartmouth.edu/tse/toscrape/catalogue/category/books/business_35/index.html
         file: ../data/output/toscrape-1/40
           page: http://cs50tse.cs.dartmouth.edu/tse/toscrape/catalogue/category/books/christian-fiction_34/index.html
         file: ../data/output/toscrape-1/41
           page: http://cs50tse.cs.dartmouth.edu/tse/toscrape/catalogue/category/books/food-and-drink_33/index.html
         file: ../data/output/toscrape-1/42
           page: http://cs50tse.cs.dartmouth.edu/tse/toscrape/catalogue/category/books/history_32/index.html
         file: ../data/output/toscrape-1/43
           page: http://cs50tse.cs.dartmouth.edu/tse/toscrape/catalogue/category/books/horror_31/index.html
         file: ../data/output/toscrape-1/44
           page: http://cs50tse.cs.dartmouth.edu/tse/toscrape/catalogue/category/books/humor_30/index.html
         file: ../data/output/toscrape-1/45
           page: http://cs50tse.cs.dartmouth.edu/tse/toscrape/catalogue/category/books/adult-fiction_29/index.html
         file: ../data/output/toscrape-1/46
           page: http://cs50tse.cs.dartmouth.edu/tse/toscrape/catalogue/category/books/parenting_28/index.html
         file: ../data/output/toscrape-1/47
           page: http://cs50tse.cs.dartmouth.edu/tse/toscrape/catalogue/category/books/autobiography_27/index.html
         file: ../data/output/toscrape-1/48
           page: http://cs50tse.cs.dartmouth.edu/tse/toscrape/catalogue/category/books/psychology_26/index.html
         file: ../data/output/toscrape-1/49
           page: http://cs50tse.cs.dartmouth.edu/tse/toscrape/catalogue/category/books/art_25/index.html
         file: ../data/output/toscrape-1/50
           page: http://cs50tse.cs.dartmouth.edu/tse/toscrape/catalogue/category/books/paranormal_24/index.html
         file: ../data/output/toscrape-1/51
           page: http://cs50tse.cs.dartmouth.edu/tse/toscrape/catalogue/category/books/poetry_23/index.html
         file: ../data/output/toscrape-1/52
           page: http://cs50tse.cs.dartmouth.edu/tse/toscrape/catalogue/category/books/science_22/index.html
         file: ../data/output/toscrape-1/53
           page: http://cs50tse.cs.dartmouth.edu/tse/toscrape/catalogue/category/books/young-adult_21/index.html
         file: ../data/output/toscrape-1/54
           page: http://cs50tse.cs.dartmouth.edu/tse/toscrape/catalogue/category/books/new-adult_20/index.html
         file: ../data/output/toscrape-1/55
           page: http://cs50tse.cs.dartmouth.edu/tse/toscrape/catalogue/category/books/fantasy_19/index.html
         file: ../data/output/toscrape-1/56
           page: http://cs50tse.cs.dartmouth.edu/tse/toscrape/catalogue/category/books/add-a-comment_18/index.html
         file: ../data/output/toscrape-1/57
           page: http://cs50tse.cs.dartmouth.edu/tse/toscrape/catalogue/category/books/sports-and-games_17/index.html
         file: ../data/output/toscrape-1/58
           page: http://cs50tse.cs.dartmouth.edu/tse/toscrape/catalogue/category/books/science-fiction_16/index.html
         file: ../data/output/toscrape-1/59
           page: http://cs50tse.cs.dartmouth.edu/tse/toscrape/catalogue/category/books/default_15/index.html
         file: ../data/output/toscrape-1/60
           page: http://cs50tse.cs.dartmouth.edu/tse/toscrape/catalogue/category/books/music_14/index.html
         file: ../data/output/toscrape-1/61
           page: http://cs50tse.cs.dartmouth.edu/tse/toscrape/catalogue/category/books/nonfiction_13/index.html
         file: ../data/output/toscrape-1/62
           page: http://cs50tse.cs.dartmouth.edu/tse/toscrape/catalogue/category/books/religion_12/index.html
         file: ../data/output/toscrape-1/63
           page: http://cs50tse.cs.dartmouth.edu/tse/toscrape/catalogue/category/books/childrens_11/index.html
         file: ../data/output/toscrape-1/64
           page: http://cs50tse.cs.dartmouth.edu/tse/toscrape/catalogue/category/books/fiction_10/index.html
         file: ../data/output/toscrape-1/65
           page: http://cs50tse.cs.dartmouth.edu/tse/toscrape/catalogue/category/books/womens-fiction_9/index.html
         file: ../data/output/toscrape-1/66
           page: http://cs50tse.cs.dartmouth.edu/tse/toscrape/catalogue/category/books/romance_8/index.html
         file: ../data/output/toscrape-1/67
           page: http://cs50tse.cs.dartmouth.edu/tse/toscrape/catalogue/category/books/philosophy_7/index.html
         file: ../data/output/toscrape-1/68
           page: http://cs50tse.cs.dartmouth.edu/tse/toscrape/catalogue/category/books/classics_6/index.html
         file: ../data/output/toscrape-1/69
           page: http://cs50tse.cs.dartmouth.edu/tse/toscrape/catalogue/category/books/sequential-art_5/index.html
         file: ../data/output/toscrape-1/70
           page: http://cs50tse.cs.dartmouth.edu/tse/toscrape/catalogue/category/books/historical-fiction_4/index.html
         file: ../data/output/toscrape-1/71
           page: http://cs50tse.cs.dartmouth.edu/tse/toscrape/catalogue/category/books/mystery_3/index.html
         file: ../data/output/toscrape-1/72
           page: http://cs50tse.cs.dartmouth.edu/tse/toscrape/catalogue/category/books/travel_2/index.html
         file: ../data/output/toscrape-1/73
           page: http://cs50tse.cs.dartmouth.edu/tse/toscrape/catalogue/category/books_1/index.html
         file: ../data/output/toscrape-1/74
        END 

  printed: ../data/output/toscrape-1.index
  deleted: index object.
==18468== 
==18468== HEAP SUMMARY:
==18468==     in use at exit: 0 bytes in 0 blocks
==18468==   total heap usage: 2,335,140 allocs, 2,335,140 frees, 42,744,162,912 bytes allocated
==18468== 
==18468== All heap blocks were freed -- no leaks are possible
==18468== 
==18468== For counts of detected and suppressed errors, rerun with: -v
==18468== ERROR SUMMARY: 0 errors from 0 contexts (suppressed: 0 from 0)

# wikipedia, maxDepth = 0
$VALGRIND ./indexer ../data/output/wikipedia-0 ../data/output/wikipedia-0.index
==18629== Memcheck, a memory error detector
==18629== Copyright (C) 2002-2017, and GNU GPL'd, by Julian Seward et al.
==18629== Using Valgrind-3.13.0 and LibVEX; rerun with -h for copyright info
==18629== Command: ./indexer ../data/output/wikipedia-0 ../data/output/wikipedia-0.index
==18629== 
      dir: ../data/output/wikipedia-0
    index: ../data/output/wikipedia-0.index

       START
         file: ../data/output/wikipedia-0/1
           page: http://cs50tse.cs.dartmouth.edu/tse/wikipedia/index.html
         file: ../data/output/wikipedia-0/2
        END 

  printed: ../data/output/wikipedia-0.index
  deleted: index object.
==18629== 
==18629== HEAP SUMMARY:
==18629==     in use at exit: 0 bytes in 0 blocks
==18629==   total heap usage: 6,439 allocs, 6,439 frees, 19,499,385 bytes allocated
==18629== 
==18629== All heap blocks were freed -- no leaks are possible
==18629== 
==18629== For counts of detected and suppressed errors, rerun with: -v
==18629== ERROR SUMMARY: 0 errors from 0 contexts (suppressed: 0 from 0)

# wikipedia, maxDepth = 1
$VALGRIND ./indexer ../data/output/wikipedia-1 ../data/output/wikipedia-1.index
==18630== Memcheck, a memory error detector
==18630== Copyright (C) 2002-2017, and GNU GPL'd, by Julian Seward et al.
==18630== Using Valgrind-3.13.0 and LibVEX; rerun with -h for copyright info
==18630== Command: ./indexer ../data/output/wikipedia-1 ../data/output/wikipedia-1.index
==18630== 
      dir: ../data/output/wikipedia-1
    index: ../data/output/wikipedia-1.index

       START
         file: ../data/output/wikipedia-1/1
           page: http://cs50tse.cs.dartmouth.edu/tse/wikipedia/index.html
         file: ../data/output/wikipedia-1/2
           page: http://cs50tse.cs.dartmouth.edu/tse/wikipedia/Linked_list.html
         file: ../data/output/wikipedia-1/3
           page: http://cs50tse.cs.dartmouth.edu/tse/wikipedia/Hash_table.html
         file: ../data/output/wikipedia-1/4
           page: http://cs50tse.cs.dartmouth.edu/tse/wikipedia/Dartmouth_College.html
         file: ../data/output/wikipedia-1/5
           page: http://cs50tse.cs.dartmouth.edu/tse/wikipedia/Unix.html
         file: ../data/output/wikipedia-1/6
           page: http://cs50tse.cs.dartmouth.edu/tse/wikipedia/C_(programming_language).html
         file: ../data/output/wikipedia-1/7
           page: http://cs50tse.cs.dartmouth.edu/tse/wikipedia/Computer_science.html
         file: ../data/output/wikipedia-1/8
        END 

  printed: ../data/output/wikipedia-1.index
  deleted: index object.
==18630== 
==18630== HEAP SUMMARY:
==18630==     in use at exit: 0 bytes in 0 blocks
==18630==   total heap usage: 1,571,410 allocs, 1,571,410 frees, 234,200,710,346 bytes allocated
==18630== 
==18630== All heap blocks were freed -- no leaks are possible
==18630== 
==18630== For counts of detected and suppressed errors, rerun with: -v
==18630== ERROR SUMMARY: 0 errors from 0 contexts (suppressed: 0 from 0)

